[0;32mInfo: Loading facts in /etc/puppet/modules/stdlib/lib/facter/facter_dot_d.rb[0m
[0;32mInfo: Loading facts in /etc/puppet/modules/stdlib/lib/facter/root_home.rb[0m
[0;32mInfo: Loading facts in /etc/puppet/modules/stdlib/lib/facter/pe_version.rb[0m
[0;32mInfo: Loading facts in /etc/puppet/modules/stdlib/lib/facter/puppet_vardir.rb[0m
[0;32mInfo: Loading facts in /etc/puppet/modules/concat/lib/facter/concat_basedir.rb[0m
[mNotice: Compiled catalog for ubuntu in environment production in 1.07 seconds[0m
[0;32mInfo: Loading facts in /etc/puppet/modules/stdlib/lib/facter/facter_dot_d.rb[0m
[0;32mInfo: Loading facts in /etc/puppet/modules/stdlib/lib/facter/root_home.rb[0m
[0;32mInfo: Loading facts in /etc/puppet/modules/stdlib/lib/facter/pe_version.rb[0m
[0;32mInfo: Loading facts in /etc/puppet/modules/stdlib/lib/facter/puppet_vardir.rb[0m
[0;32mInfo: Loading facts in /etc/puppet/modules/concat/lib/facter/concat_basedir.rb[0m
[0;32mInfo: Applying configuration version '1396997370'[0m
[mNotice: /Stage[main]/Cobbler/Package[tftpd]/ensure: ensure changed 'purged' to 'present'[0m
[mNotice: /Stage[main]/Cobbler/Package[cobbler]/ensure: ensure changed 'purged' to 'present'[0m
[0;32mInfo: /Stage[main]/Cobbler/File[/etc/cobbler/modules.conf]: Filebucketed /etc/cobbler/modules.conf to puppet with sum a9d029313f42ef100a6b4d6c91f5aee9[0m
[mNotice: /Stage[main]/Cobbler/File[/etc/cobbler/modules.conf]/content: content changed '{md5}a9d029313f42ef100a6b4d6c91f5aee9' to '{md5}71b23cf65d23bf7bc7bff41b9c649f90'[0m
[0;32mInfo: /Stage[main]/Cobbler/File[/etc/cobbler/modules.conf]: Scheduling refresh of Service[cobbler][0m
[0;32mInfo: /Stage[main]/Cobbler/File[/etc/cobbler/settings]: Filebucketed /etc/cobbler/settings to puppet with sum 8d7a9c6bd02eb606fca877012b2cf3e6[0m
[mNotice: /Stage[main]/Cobbler/File[/etc/cobbler/settings]/content: content changed '{md5}8d7a9c6bd02eb606fca877012b2cf3e6' to '{md5}30d281fcad796b407f32ac175e8eb6ea'[0m
[0;32mInfo: /Stage[main]/Cobbler/File[/etc/cobbler/settings]: Scheduling refresh of Service[cobbler][0m
[mNotice: /Stage[main]/Cobbler/Service[cobbler]: Triggered 'refresh' from 2 events[0m
[mNotice: /Stage[main]/Apache/File[/etc/apache2/mods-enabled/python.load]/ensure: removed[0m
[0;32mInfo: /etc/apache2/mods-enabled: Scheduling refresh of Class[Apache::Service][0m
[0;32mInfo: Class[Apache::Service]: Scheduling refresh of Service[httpd][0m
[mNotice: /Stage[main]/Apache::Service/Service[httpd]: Triggered 'refresh' from 1 events[0m
[mNotice: Finished catalog run in 33.65 seconds[0m
